<?xml version="1.0" encoding="UTF-8"?>
<!-- Generated by org.testng.reporters.JUnitReportReporter -->
<testsuite hostname="Manakkadan" failures="0" tests="3" name="TestNGPrograms.GroupsTestNG" time="0.018" errors="0" timestamp="2023-12-20T17:18:39 IST" skipped="0">
  <testcase classname="TestNGPrograms.GroupsTestNG" name="main1" time="0.011"/>
  <system-out/>
  <testcase classname="TestNGPrograms.GroupsTestNG" name="main4" time="0.003"/>
  <system-out/>
  <testcase classname="TestNGPrograms.GroupsTestNG" name="main2" time="0.004"/>
  <system-out/>
</testsuite> <!-- TestNGPrograms.GroupsTestNG -->
