<?xml version="1.0" encoding="UTF-8"?>
<!-- Generated by org.testng.reporters.JUnitReportReporter -->
<testsuite hostname="Manakkadan" failures="0" tests="1" name="TestNGPrograms.DatePickerPGM" time="3.891" errors="0" timestamp="2024-01-02T11:04:52 IST" skipped="0">
  <testcase classname="TestNGPrograms.DatePickerPGM" name="test1" time="3.891"/>
  <system-out/>
</testsuite> <!-- TestNGPrograms.DatePickerPGM -->
