<?xml version="1.0" encoding="UTF-8"?>
<!-- Generated by org.testng.reporters.JUnitReportReporter -->
<testsuite hostname="Manakkadan" failures="0" tests="3" name="TestNGPrograms.Crossbrowsertesting" time="5.062" errors="0" timestamp="2023-12-20T17:26:19 IST" skipped="0">
  <testcase classname="TestNGPrograms.Crossbrowsertesting" name="fb" time="1.458"/>
  <system-out/>
  <testcase classname="TestNGPrograms.Crossbrowsertesting" name="fb" time="1.357"/>
  <system-out/>
  <testcase classname="TestNGPrograms.Crossbrowsertesting" name="fb" time="2.247"/>
  <system-out/>
</testsuite> <!-- TestNGPrograms.Crossbrowsertesting -->
