<?xml version="1.0" encoding="UTF-8"?>
<!-- Generated by org.testng.reporters.JUnitReportReporter -->
<testsuite hostname="Manakkadan" failures="0" tests="1" name="test.FbcreateapagePOMtest" time="6.830" errors="0" timestamp="2024-01-04T11:31:28 IST" skipped="0">
  <testcase classname="test.FbcreateapagePOMtest" name="test1" time="6.830"/>
  <system-out/>
</testsuite> <!-- test.FbcreateapagePOMtest -->
