<?xml version="1.0" encoding="UTF-8"?>
<!-- Generated by org.testng.reporters.JUnitReportReporter -->
<testsuite hostname="Manakkadan" failures="0" tests="4" name="TestNGPrograms.TestNGdemo" time="0.012" errors="0" timestamp="2023-12-19T10:10:19 IST" skipped="1">
  <testcase classname="TestNGPrograms.TestNGdemo" name="test3" time="0.007"/>
  <system-out/>
  <testcase classname="TestNGPrograms.TestNGdemo" name="test3" time="0.003"/>
  <system-out/>
  <testcase classname="TestNGPrograms.TestNGdemo" name="test1" time="0.002"/>
  <system-out/>
  <testcase classname="TestNGPrograms.TestNGdemo" name="test2">
    <skipped/>
  </testcase> <!-- test2 -->
  <system-out/>
</testsuite> <!-- TestNGPrograms.TestNGdemo -->
