<?xml version="1.0" encoding="UTF-8"?>
<!-- Generated by org.testng.reporters.JUnitReportReporter -->
<testsuite hostname="Manakkadan" failures="0" tests="1" name="TestNGPrograms.ActionDroppablePGM" time="12.062" errors="0" timestamp="2024-01-07T23:02:32 IST" skipped="0">
  <testcase classname="TestNGPrograms.ActionDroppablePGM" name="test1" time="12.062"/>
  <system-out/>
</testsuite> <!-- TestNGPrograms.ActionDroppablePGM -->
