<?xml version="1.0" encoding="UTF-8"?>
<!-- Generated by org.testng.reporters.JUnitReportReporter -->
<testsuite hostname="Manakkadan" failures="0" tests="1" name="TestNGPrograms.SwaglabsPGM" time="3.276" errors="0" timestamp="2024-01-07T23:07:33 IST" skipped="0">
  <testcase classname="TestNGPrograms.SwaglabsPGM" name="test1" time="3.276"/>
  <system-out/>
</testsuite> <!-- TestNGPrograms.SwaglabsPGM -->
