<?xml version="1.0" encoding="UTF-8"?>
<!-- Generated by org.testng.reporters.JUnitReportReporter -->
<testsuite hostname="Manakkadan" failures="0" tests="1" name="testPkg_DD.Testclass" time="5.136" errors="0" timestamp="2024-01-05T11:50:29 IST" skipped="0">
  <testcase classname="testPkg_DD.Testclass" name="test1" time="5.136"/>
  <system-out/>
</testsuite> <!-- testPkg_DD.Testclass -->
