<?xml version="1.0" encoding="UTF-8"?>
<!-- Generated by org.testng.reporters.JUnitReportReporter -->
<testsuite hostname="Manakkadan" failures="0" tests="1" name="TestNGPrograms.ActionClassPGM" time="6.106" errors="0" timestamp="2023-12-21T10:07:41 IST" skipped="0">
  <testcase classname="TestNGPrograms.ActionClassPGM" name="test1" time="6.106"/>
  <system-out/>
</testsuite> <!-- TestNGPrograms.ActionClassPGM -->
