<?xml version="1.0" encoding="UTF-8"?>
<!-- Generated by org.testng.reporters.JUnitReportReporter -->
<testsuite hostname="Manakkadan" failures="0" tests="2" name="TestNGPrograms.RishiherbalPGM" time="15.710" errors="0" timestamp="2024-01-07T23:05:02 IST" skipped="0">
  <testcase classname="TestNGPrograms.RishiherbalPGM" name="test1" time="3.596"/>
  <system-out/>
  <testcase classname="TestNGPrograms.RishiherbalPGM" name="test2" time="12.114"/>
  <system-out/>
</testsuite> <!-- TestNGPrograms.RishiherbalPGM -->
