<?xml version="1.0" encoding="UTF-8"?>
<!-- Generated by org.testng.reporters.JUnitReportReporter -->
<testsuite hostname="Manakkadan" failures="0" tests="1" name="TestNGPrograms.AutoITPGM" time="2.435" errors="0" timestamp="2023-12-27T10:51:41 IST" skipped="0">
  <testcase classname="TestNGPrograms.AutoITPGM" name="test1" time="2.435"/>
  <system-out/>
</testsuite> <!-- TestNGPrograms.AutoITPGM -->
