<?xml version="1.0" encoding="UTF-8"?>
<!-- Generated by org.testng.reporters.JUnitReportReporter -->
<testsuite hostname="Manakkadan" failures="0" tests="1" name="test.FbPageFactoryTest" time="3.197" errors="0" timestamp="2024-01-05T10:54:19 IST" skipped="0">
  <testcase classname="test.FbPageFactoryTest" name="test1" time="3.197"/>
  <system-out/>
</testsuite> <!-- test.FbPageFactoryTest -->
