<?xml version="1.0" encoding="UTF-8"?>
<!-- Generated by org.testng.reporters.JUnitReportReporter -->
<testsuite hostname="Manakkadan" failures="0" tests="1" name="TestNGPrograms.Notification" time="3.324" errors="0" timestamp="2023-12-28T11:12:27 IST" skipped="0">
  <testcase classname="TestNGPrograms.Notification" name="urlopen" time="3.324"/>
  <system-out/>
</testsuite> <!-- TestNGPrograms.Notification -->
