<?xml version="1.0" encoding="UTF-8"?>
<!-- Generated by org.testng.reporters.JUnitReportReporter -->
<testsuite hostname="Manakkadan" failures="0" tests="1" name="TestNGPrograms.ParameterTestNG" time="0.011" errors="0" timestamp="2023-12-20T17:20:43 IST" skipped="0">
  <testcase classname="TestNGPrograms.ParameterTestNG" name="main" time="0.011"/>
  <system-out/>
</testsuite> <!-- TestNGPrograms.ParameterTestNG -->
