<?xml version="1.0" encoding="UTF-8"?>
<!-- Generated by org.testng.reporters.JUnitReportReporter -->
<testsuite hostname="Manakkadan" failures="0" tests="1" name="TestNGPrograms.ScrollDownPGM" time="5.112" errors="0" timestamp="2023-12-28T10:48:42 IST" skipped="0">
  <testcase classname="TestNGPrograms.ScrollDownPGM" name="test1" time="5.112"/>
  <system-out/>
</testsuite> <!-- TestNGPrograms.ScrollDownPGM -->
