<?xml version="1.0" encoding="UTF-8"?>
<!-- Generated by org.testng.reporters.JUnitReportReporter -->
<testsuite hostname="Manakkadan" failures="0" tests="1" name="TestNGPrograms.FileUploadPGM" time="4.953" errors="0" timestamp="2024-01-07T23:15:31 IST" skipped="0">
  <testcase classname="TestNGPrograms.FileUploadPGM" name="test1" time="4.953"/>
  <system-out/>
</testsuite> <!-- TestNGPrograms.FileUploadPGM -->
