<?xml version="1.0" encoding="UTF-8"?>
<!-- Generated by org.testng.reporters.JUnitReportReporter -->
<testsuite hostname="Manakkadan" failures="0" tests="1" name="TestNGPrograms.DirectFileUpload" time="3.933" errors="0" timestamp="2024-01-07T23:15:10 IST" skipped="0">
  <testcase classname="TestNGPrograms.DirectFileUpload" name="test1" time="3.933"/>
  <system-out/>
</testsuite> <!-- TestNGPrograms.DirectFileUpload -->
