<?xml version="1.0" encoding="UTF-8"?>
<!-- Generated by org.testng.reporters.JUnitReportReporter -->
<testsuite hostname="Manakkadan" failures="0" tests="2" name="TestNGPrograms.Rishi2" time="17.661" errors="0" timestamp="2024-01-03T16:35:03 IST" skipped="0">
  <testcase classname="TestNGPrograms.Rishi2" name="test1" time="4.096"/>
  <system-out/>
  <testcase classname="TestNGPrograms.Rishi2" name="test2" time="13.565"/>
  <system-out/>
</testsuite> <!-- TestNGPrograms.Rishi2 -->
