<?xml version="1.0" encoding="UTF-8"?>
<!-- Generated by org.testng.reporters.JUnitReportReporter -->
<testsuite hostname="Manakkadan" failures="0" tests="2" name="TestNGPrograms.RihtDoubleActionPGM" time="0.677" errors="0" timestamp="2024-01-01T19:42:42 IST" skipped="0">
  <testcase classname="TestNGPrograms.RihtDoubleActionPGM" name="test1" time="0.414"/>
  <system-out/>
  <testcase classname="TestNGPrograms.RihtDoubleActionPGM" name="test2" time="0.263"/>
  <system-out/>
</testsuite> <!-- TestNGPrograms.RihtDoubleActionPGM -->
