<?xml version="1.0" encoding="UTF-8"?>
<!-- Generated by org.testng.reporters.JUnitReportReporter -->
<testsuite hostname="Manakkadan" failures="0" tests="1" name="TestNGPrograms.WindowHandlePGM" time="7.659" errors="0" timestamp="2024-01-07T23:06:01 IST" skipped="0">
  <testcase classname="TestNGPrograms.WindowHandlePGM" name="test1" time="7.659"/>
  <system-out/>
</testsuite> <!-- TestNGPrograms.WindowHandlePGM -->
