<?xml version="1.0" encoding="UTF-8"?>
<!-- Generated by org.testng.reporters.JUnitReportReporter -->
<testsuite hostname="Manakkadan" failures="0" tests="1" name="test.Fblogintestpkg" time="1.856" errors="0" timestamp="2024-01-04T10:40:14 IST" skipped="0">
  <testcase classname="test.Fblogintestpkg" name="test1" time="1.856"/>
  <system-out/>
</testsuite> <!-- test.Fblogintestpkg -->
